Using pre-set license
Built from '2021.1/staging' branch; Version is '2021.1.3f1 (4bef613afd59) revision 4976481'; Using compiler version '192528614'; Build Type 'Release'
OS: 'Windows 10 Education; OS build 19045.3324; Version 2009; 64bit' Language: 'en' Physical Memory: 32726 MB
BatchMode: 1, IsHumanControllingUs: 0, StartBugReporterOnCrash: 0, Is64bit: 1, IsPro: 0

 COMMAND LINE ARGUMENTS:
C:\Program Files\Unity\Hub\Editor\2021.1.3f1\Editor\Unity.exe
-adb2
-batchMode
-noUpm
-name
AssetImportWorker0
-projectPath
C:/Users/marcus.wheatley/Documents/Repo/FunnyGameHaha/FunnyGameHahaExample
-logFile
Logs/AssetImportWorker0.log
-srvPort
52674
Successfully changed project path to: C:/Users/marcus.wheatley/Documents/Repo/FunnyGameHaha/FunnyGameHahaExample
C:/Users/marcus.wheatley/Documents/Repo/FunnyGameHaha/FunnyGameHahaExample
Using Asset Import Pipeline V2.
Refreshing native plugins compatible for Editor in 76.42 ms, found 1 plugins.
Preloading 0 native plugins for Editor in 0.00 ms.
Initialize engine version: 2021.1.3f1 (4bef613afd59)
[Subsystems] Discovering subsystems at path C:/Program Files/Unity/Hub/Editor/2021.1.3f1/Editor/Data/Resources/UnitySubsystems
[Subsystems] Discovering subsystems at path C:/Users/marcus.wheatley/Documents/Repo/FunnyGameHaha/FunnyGameHahaExample/Assets
GfxDevice: creating device client; threaded=0; jobified=0
Direct3D:
    Version:  Direct3D 11.0 [level 11.1]
    Renderer: NVIDIA GeForce GTX 1060 6GB (ID=0x1c03)
    Vendor:   NVIDIA
    VRAM:     6043 MB
    Driver:   31.0.15.3623
Initialize mono
Mono path[0] = 'C:/Program Files/Unity/Hub/Editor/2021.1.3f1/Editor/Data/Managed'
Mono path[1] = 'C:/Program Files/Unity/Hub/Editor/2021.1.3f1/Editor/Data/MonoBleedingEdge/lib/mono/unityjit'
Mono config path = 'C:/Program Files/Unity/Hub/Editor/2021.1.3f1/Editor/Data/MonoBleedingEdge/etc'
Using monoOptions --debugger-agent=transport=dt_socket,embedding=1,server=y,suspend=n,address=127.0.0.1:56620
Begin MonoManager ReloadAssembly
Registering precompiled unity dll's ...
Register platform support module: C:/Program Files/Unity/Hub/Editor/2021.1.3f1/Editor/Data/PlaybackEngines/WindowsStandaloneSupport/UnityEditor.WindowsStandalone.Extensions.dll
Registered in 0.001788 seconds.
Native extension for WindowsStandalone target not found
Refreshing native plugins compatible for Editor in 75.93 ms, found 1 plugins.
Preloading 0 native plugins for Editor in 0.00 ms.
Mono: successfully reloaded assembly
- Completed reload, in  1.321 seconds
Platform modules already initialized, skipping
Registering precompiled user dll's ...
Registered in 0.003626 seconds.
Begin MonoManager ReloadAssembly
Native extension for WindowsStandalone target not found
Refreshing native plugins compatible for Editor in 0.42 ms, found 1 plugins.
Preloading 0 native plugins for Editor in 0.00 ms.
Mono: successfully reloaded assembly
- Completed reload, in  1.017 seconds
Platform modules already initialized, skipping
========================================================================
Worker process is ready to serve import requests
Launched and connected shader compiler UnityShaderCompiler.exe after 0.05 seconds
Refreshing native plugins compatible for Editor in 0.72 ms, found 1 plugins.
Preloading 0 native plugins for Editor in 0.00 ms.
Unloading 2665 Unused Serialized files (Serialized files now loaded: 0)
System memory in use before: 98.9 MB.
System memory in use after: 99.1 MB.

Unloading 15 unused Assets to reduce memory usage. Loaded Objects now: 3117.
Total: 6.555100 ms (FindLiveObjects: 0.624700 ms CreateObjectMapping: 0.586700 ms MarkObjects: 5.242100 ms  DeleteObjects: 0.099400 ms)

========================================================================
Received Import Request.
  path: Assets
  artifactKey: Guid(00000000000000001000000000000000) Importer(815301076,1909f56bfc062723c751e8b465ee728b)
Start importing Assets using Guid(00000000000000001000000000000000) Importer(815301076,1909f56bfc062723c751e8b465ee728b)  -> (artifact id: 'efcc68737208a1d7a8581e190ec11b99') in 0.016678 seconds 
========================================================================
Received Import Request.
  Time since last request: 16.482283 seconds.
  path: Assets/Scenes
  artifactKey: Guid(78dc01a41cd66e14383404332d8c9263) Importer(815301076,1909f56bfc062723c751e8b465ee728b)
Start importing Assets/Scenes using Guid(78dc01a41cd66e14383404332d8c9263) Importer(815301076,1909f56bfc062723c751e8b465ee728b)  -> (artifact id: '0a7c07032c9613d670be78fff656e808') in 0.011027 seconds 
========================================================================
Received Import Request.
  Time since last request: 1.704322 seconds.
  path: Assets/Scenes/MarcusTestScene.unity
  artifactKey: Guid(f7f236ab9afbcd545b5b19f5fd9fba06) Importer(815301076,1909f56bfc062723c751e8b465ee728b)
Start importing Assets/Scenes/MarcusTestScene.unity using Guid(f7f236ab9afbcd545b5b19f5fd9fba06) Importer(815301076,1909f56bfc062723c751e8b465ee728b)  -> (artifact id: '6e44692710fb9ffdc959b92793c4f518') in 0.016203 seconds 
========================================================================
Received Import Request.
  Time since last request: 8.964463 seconds.
  path: Assets/Scenes/MarcusTestScene.unity
  artifactKey: Guid(f7f236ab9afbcd545b5b19f5fd9fba06) Importer(815301076,1909f56bfc062723c751e8b465ee728b)
Start importing Assets/Scenes/MarcusTestScene.unity using Guid(f7f236ab9afbcd545b5b19f5fd9fba06) Importer(815301076,1909f56bfc062723c751e8b465ee728b)  -> (artifact id: '98a392a955ab8056fc61a95d05cb2e90') in 0.003037 seconds 
========================================================================
Received Import Request.
  Time since last request: 18.126112 seconds.
  path: Assets/Scenes/SampleScene.unity
  artifactKey: Guid(9fc0d4010bbf28b4594072e72b8655ab) Importer(815301076,1909f56bfc062723c751e8b465ee728b)
Start importing Assets/Scenes/SampleScene.unity using Guid(9fc0d4010bbf28b4594072e72b8655ab) Importer(815301076,1909f56bfc062723c751e8b465ee728b)  -> (artifact id: '8be264b5a186495646be0cf044d7331a') in 0.012651 seconds 
